Arguments: 
  /usr/local/bin/node /usr/local/bin/yarn add react-router-do

PATH: 
  /usr/local/lib/node_modules/npm/node_modules/npm-lifecycle/node-gyp-bin:/Users/briansong/Desktop/peer-genius-remodel/node_modules/.bin:/Library/Frameworks/Python.framework/Versions/2.7/bin:/usr/local/bin:/usr/bin:/bin:/usr/sbin:/sbin

Yarn version: 
  1.13.0

Node version: 
  10.16.0

Platform: 
  darwin x64

Trace: 
  Error: https://registry.npmjs.org/react-router-do: Not found
      at Request.params.callback [as _callback] (/usr/local/lib/node_modules/yarn/lib/cli.js:66255:18)
      at Request.self.callback (/usr/local/lib/node_modules/yarn/lib/cli.js:129397:22)
      at Request.emit (events.js:198:13)
      at Request.<anonymous> (/usr/local/lib/node_modules/yarn/lib/cli.js:130369:10)
      at Request.emit (events.js:198:13)
      at IncomingMessage.<anonymous> (/usr/local/lib/node_modules/yarn/lib/cli.js:130291:12)
      at Object.onceWrapper (events.js:286:20)
      at IncomingMessage.emit (events.js:203:15)
      at endReadableNT (_stream_readable.js:1129:12)
      at process._tickCallback (internal/process/next_tick.js:63:19)

npm manifest: 
  {
    "name": "peer-genius-remodel",
    "version": "0.1.0",
    "description": "",
    "scripts": {
      "start": "parcel index.html",
      "build": "parcel build index.html"
    },
    "license": "MIT",
    "dependencies": {
      "react": "^16.8.1",
      "react-dom": "^16.8.1",
      "react-router": "^5.0.1",
      "react-router-dom": "^5.0.1"
    },
    "devDependencies": {
      "@babel/core": "^7.2.2",
      "babel-preset-nano-react-app": "^0.1.0",
      "parcel-bundler": "^1.11.0"
    },
    "babel": {
      "presets": [
        "nano-react-app"
      ],
      "plugins": [
        [
          "@babel/plugin-proposal-class-properties",
          {
            "loose": true
          }
        ],
        [
          "@babel/plugin-transform-react-jsx",
          {
            "pragmaFrag": "React.Fragment"
          }
        ]
      ]
    }
  }

yarn manifest: 
  No manifest

Lockfile: 
  No lockfile
